PCAD Importer Log
Project : C0805C103K2RACTU.LibPkg

Section : U:\5A\Git\BMS_Altium\PCB_Project\C0805C103K2RACTU.lia
    Section : PCB Library - C0805C103K2RACTU.PcbLib
        Section : Load Messages
            Warning - 1 : Skipping Token C0805C103K2RACTU On Line 112
            Warning - 1 : Skipping Token attachedSymbol On Line 167
        EndSection

        Section : Import Messages
        EndSection
    EndSection

    Section : SCH Library - C0805C103K2RACTU.SchLib
        Section : Parsing Messages
            Warning - 1 : Skipping Token padStyleDef On Line 9
            Warning - 1 : Skipping Token multiLayer On Line 84
            Warning - 1 : Skipping Token layerContents On Line 88
            Warning - 1 : Skipping Token layerContents On Line 96
            Warning - 1 : Skipping Token layerContents On Line 102
        EndSection

        Section : Generating SCH Library - C0805C103K2RACTU.SchLib
        EndSection
    EndSection
EndSection
